1762239478.517904 client started (15532): version 2.6, socket /tmp/tmux-1005/default, protocol 8
1762239478.517947 on Linux 5.4.0-150-generic #167~18.04.1-Ubuntu SMP Wed May 24 00:51:42 UTC 2023; libevent 2.1.8-stable (poll)
1762239478.517966 socket is /tmp/tmux-1005/default
1762239478.517983 trying connect
1762239478.518086 add peer 0x556de575adb0: 6 ((nil))
1762239478.518162 sending message 100 to peer 0x556de575adb0 (4 bytes)
1762239478.518173 sending message 101 to peer 0x556de575adb0 (15 bytes)
1762239478.518179 sending message 102 to peer 0x556de575adb0 (11 bytes)
1762239478.518185 sending message 108 to peer 0x556de575adb0 (23 bytes)
1762239478.518191 sending message 104 to peer 0x556de575adb0 (0 bytes)
1762239478.518200 sending message 107 to peer 0x556de575adb0 (4 bytes)
1762239478.518207 sending message 105 to peer 0x556de575adb0 (14 bytes)
1762239478.518214 sending message 105 to peer 0x556de575adb0 (1516 bytes)
1762239478.518231 sending message 105 to peer 0x556de575adb0 (43 bytes)
1762239478.518237 sending message 105 to peer 0x556de575adb0 (27 bytes)
1762239478.518243 sending message 105 to peer 0x556de575adb0 (50 bytes)
1762239478.518249 sending message 105 to peer 0x556de575adb0 (34 bytes)
1762239478.518254 sending message 105 to peer 0x556de575adb0 (21 bytes)
1762239478.518261 sending message 105 to peer 0x556de575adb0 (24 bytes)
1762239478.518267 sending message 105 to peer 0x556de575adb0 (17 bytes)
1762239478.518272 sending message 105 to peer 0x556de575adb0 (20 bytes)
1762239478.518278 sending message 105 to peer 0x556de575adb0 (44 bytes)
1762239478.518284 sending message 105 to peer 0x556de575adb0 (31 bytes)
1762239478.518290 sending message 105 to peer 0x556de575adb0 (14 bytes)
1762239478.518296 sending message 105 to peer 0x556de575adb0 (7 bytes)
1762239478.518301 sending message 105 to peer 0x556de575adb0 (20 bytes)
1762239478.518308 sending message 105 to peer 0x556de575adb0 (20 bytes)
1762239478.518314 sending message 105 to peer 0x556de575adb0 (12 bytes)
1762239478.518320 sending message 105 to peer 0x556de575adb0 (38 bytes)
1762239478.518325 sending message 105 to peer 0x556de575adb0 (27 bytes)
1762239478.518331 sending message 105 to peer 0x556de575adb0 (18 bytes)
1762239478.518337 sending message 105 to peer 0x556de575adb0 (51 bytes)
1762239478.518343 sending message 105 to peer 0x556de575adb0 (104 bytes)
1762239478.518349 sending message 105 to peer 0x556de575adb0 (102 bytes)
1762239478.518355 sending message 105 to peer 0x556de575adb0 (20 bytes)
1762239478.518361 sending message 105 to peer 0x556de575adb0 (34 bytes)
1762239478.518367 sending message 105 to peer 0x556de575adb0 (28 bytes)
1762239478.518373 sending message 105 to peer 0x556de575adb0 (65 bytes)
1762239478.518379 sending message 105 to peer 0x556de575adb0 (11 bytes)
1762239478.518385 sending message 105 to peer 0x556de575adb0 (88 bytes)
1762239478.518391 sending message 105 to peer 0x556de575adb0 (23 bytes)
1762239478.518396 sending message 105 to peer 0x556de575adb0 (23 bytes)
1762239478.518402 sending message 105 to peer 0x556de575adb0 (28 bytes)
1762239478.518409 sending message 105 to peer 0x556de575adb0 (22 bytes)
1762239478.518415 sending message 105 to peer 0x556de575adb0 (133 bytes)
1762239478.518421 sending message 105 to peer 0x556de575adb0 (20 bytes)
1762239478.518427 sending message 105 to peer 0x556de575adb0 (16 bytes)
1762239478.518432 sending message 105 to peer 0x556de575adb0 (8 bytes)
1762239478.518438 sending message 105 to peer 0x556de575adb0 (64 bytes)
1762239478.518444 sending message 105 to peer 0x556de575adb0 (25 bytes)
1762239478.518450 sending message 105 to peer 0x556de575adb0 (15 bytes)
1762239478.518456 sending message 105 to peer 0x556de575adb0 (54 bytes)
1762239478.518462 sending message 105 to peer 0x556de575adb0 (116 bytes)
1762239478.518468 sending message 105 to peer 0x556de575adb0 (31 bytes)
1762239478.518473 sending message 105 to peer 0x556de575adb0 (259 bytes)
1762239478.518482 sending message 105 to peer 0x556de575adb0 (30 bytes)
1762239478.518487 sending message 105 to peer 0x556de575adb0 (21 bytes)
1762239478.518504 sending message 105 to peer 0x556de575adb0 (32 bytes)
1762239478.518510 sending message 105 to peer 0x556de575adb0 (20 bytes)
1762239478.518515 sending message 105 to peer 0x556de575adb0 (24 bytes)
1762239478.518521 sending message 105 to peer 0x556de575adb0 (16 bytes)
1762239478.518527 sending message 105 to peer 0x556de575adb0 (16 bytes)
1762239478.518532 sending message 106 to peer 0x556de575adb0 (0 bytes)
1762239478.518538 sending message 200 to peer 0x556de575adb0 (4 bytes)
1762239478.518544 client loop enter
1762239478.522617 peer 0x556de575adb0 message 207
1762239478.522644 sending message 208 to peer 0x556de575adb0 (0 bytes)
1762239498.013222 peer 0x556de575adb0 message 201
1762239498.013257 sending message 205 to peer 0x556de575adb0 (0 bytes)
1762239498.013653 peer 0x556de575adb0 message 204
1762239498.013662 client loop exit
